# JRE version: OpenJDK Runtime Environment (8.0_152-b02) (build 1.8.0_152-release-1024-b02)
# Java VM: OpenJDK 64-Bit Server VM (25.152-b02 mixed mode windows-amd64 compressed oops)
Heap:
 PSYoungGen      total 170496K, used 28078K [0x00000000e0000000, 0x00000000ecc00000, 0x0000000100000000)
  eden space 151040K, 5% used [0x00000000e0000000,0x00000000e086d6d8,0x00000000e9380000)
  from space 19456K, 99% used [0x00000000eb900000,0x00000000ecbfe4b0,0x00000000ecc00000)
  to   space 19968K, 0% used [0x00000000e9380000,0x00000000e9380000,0x00000000ea700000)
 ParOldGen       total 92160K, used 44119K [0x00000000a0000000, 0x00000000a5a00000, 0x00000000e0000000)
  object space 92160K, 47% used [0x00000000a0000000,0x00000000a2b15dc8,0x00000000a5a00000)
 Metaspace       used 64900K, capacity 67466K, committed 67672K, reserved 1107968K
  class space    used 8695K, capacity 9240K, committed 9344K, reserved 1048576K
GC Heap History (10 events):
Event: 32.757 GC heap before
{Heap before GC invocations=17 (full 2):
 PSYoungGen      total 140288K, used 81377K [0x00000000e0000000, 0x00000000ea200000, 0x0000000100000000)
  eden space 125952K, 53% used [0x00000000e0000000,0x00000000e417b2c8,0x00000000e7b00000)
  from space 14336K, 99% used [0x00000000e8d00000,0x00000000e9afd520,0x00000000e9b00000)
  to   space 18432K, 0% used [0x00000000e7b00000,0x00000000e7b00000,0x00000000e8d00000)
 ParOldGen       total 55808K, used 25888K [0x00000000a0000000, 0x00000000a3680000, 0x00000000e0000000)
  object space 55808K, 46% used [0x00000000a0000000,0x00000000a1948128,0x00000000a3680000)
 Metaspace       used 57014K, capacity 58840K, committed 58968K, reserved 1099776K
  class space    used 7760K, capacity 8193K, committed 8320K, reserved 1048576K
Event: 32.810 GC heap after
Heap after GC invocations=17 (full 2):
 PSYoungGen      total 144384K, used 15509K [0x00000000e0000000, 0x00000000ebe80000, 0x0000000100000000)
  eden space 125952K, 0% used [0x00000000e0000000,0x00000000e0000000,0x00000000e7b00000)
  from space 18432K, 84% used [0x00000000e7b00000,0x00000000e8a254a8,0x00000000e8d00000)
  to   space 20480K, 0% used [0x00000000eaa80000,0x00000000eaa80000,0x00000000ebe80000)
 ParOldGen       total 55808K, used 29920K [0x00000000a0000000, 0x00000000a3680000, 0x00000000e0000000)
  object space 55808K, 53% used [0x00000000a0000000,0x00000000a1d38250,0x00000000a3680000)
 Metaspace       used 57014K, capacity 58840K, committed 58968K, reserved 1099776K
  class space    used 7760K, capacity 8193K, committed 8320K, reserved 1048576K
}
Event: 32.810 GC heap before
{Heap before GC invocations=18 (full 3):
 PSYoungGen      total 144384K, used 15509K [0x00000000e0000000, 0x00000000ebe80000, 0x0000000100000000)
  eden space 125952K, 0% used [0x00000000e0000000,0x00000000e0000000,0x00000000e7b00000)
  from space 18432K, 84% used [0x00000000e7b00000,0x00000000e8a254a8,0x00000000e8d00000)
  to   space 20480K, 0% used [0x00000000eaa80000,0x00000000eaa80000,0x00000000ebe80000)
 ParOldGen       total 55808K, used 29920K [0x00000000a0000000, 0x00000000a3680000, 0x00000000e0000000)
  object space 55808K, 53% used [0x00000000a0000000,0x00000000a1d38250,0x00000000a3680000)
 Metaspace       used 57014K, capacity 58840K, committed 58968K, reserved 1099776K
  class space    used 7760K, capacity 8193K, committed 8320K, reserved 1048576K
Event: 33.130 GC heap after
Heap after GC invocations=18 (full 3):
 PSYoungGen      total 144384K, used 0K [0x00000000e0000000, 0x00000000ebe80000, 0x0000000100000000)
  eden space 125952K, 0% used [0x00000000e0000000,0x00000000e0000000,0x00000000e7b00000)
  from space 18432K, 0% used [0x00000000e7b00000,0x00000000e7b00000,0x00000000e8d00000)
  to   space 20480K, 0% used [0x00000000eaa80000,0x00000000eaa80000,0x00000000ebe80000)
 ParOldGen       total 92160K, used 34910K [0x00000000a0000000, 0x00000000a5a00000, 0x00000000e0000000)
  object space 92160K, 37% used [0x00000000a0000000,0x00000000a2217808,0x00000000a5a00000)
 Metaspace       used 56958K, capacity 58696K, committed 58968K, reserved 1099776K
  class space    used 7740K, capacity 8157K, committed 8320K, reserved 1048576K
}
Event: 36.525 GC heap before
{Heap before GC invocations=19 (full 3):
 PSYoungGen      total 144384K, used 125943K [0x00000000e0000000, 0x00000000ebe80000, 0x0000000100000000)
  eden space 125952K, 99% used [0x00000000e0000000,0x00000000e7afdf18,0x00000000e7b00000)
  from space 18432K, 0% used [0x00000000e7b00000,0x00000000e7b00000,0x00000000e8d00000)
  to   space 20480K, 0% used [0x00000000eaa80000,0x00000000eaa80000,0x00000000ebe80000)
 ParOldGen       total 92160K, used 34910K [0x00000000a0000000, 0x00000000a5a00000, 0x00000000e0000000)
  object space 92160K, 37% used [0x00000000a0000000,0x00000000a2217808,0x00000000a5a00000)
 Metaspace       used 63541K, capacity 66098K, committed 66264K, reserved 1105920K
  class space    used 8569K, capacity 9092K, committed 9216K, reserved 1048576K
Event: 36.539 GC heap after
Heap after GC invocations=19 (full 3):
 PSYoungGen      total 167424K, used 5326K [0x00000000e0000000, 0x00000000eba80000, 0x0000000100000000)
  eden space 151040K, 0% used [0x00000000e0000000,0x00000000e0000000,0x00000000e9380000)
  from space 16384K, 32% used [0x00000000eaa80000,0x00000000eafb3b98,0x00000000eba80000)
  to   space 19968K, 0% used [0x00000000e9380000,0x00000000e9380000,0x00000000ea700000)
 ParOldGen       total 92160K, used 34918K [0x00000000a0000000, 0x00000000a5a00000, 0x00000000e0000000)
  object space 92160K, 37% used [0x00000000a0000000,0x00000000a2219808,0x00000000a5a00000)
 Metaspace       used 63541K, capacity 66098K, committed 66264K, reserved 1105920K
  class space    used 8569K, capacity 9092K, committed 9216K, reserved 1048576K
}
Event: 39.246 GC heap before
{Heap before GC invocations=20 (full 3):
 PSYoungGen      total 167424K, used 156366K [0x00000000e0000000, 0x00000000eba80000, 0x0000000100000000)
  eden space 151040K, 100% used [0x00000000e0000000,0x00000000e9380000,0x00000000e9380000)
  from space 16384K, 32% used [0x00000000eaa80000,0x00000000eafb3b98,0x00000000eba80000)
  to   space 19968K, 0% used [0x00000000e9380000,0x00000000e9380000,0x00000000ea700000)
 ParOldGen       total 92160K, used 34918K [0x00000000a0000000, 0x00000000a5a00000, 0x00000000e0000000)
  object space 92160K, 37% used [0x00000000a0000000,0x00000000a2219808,0x00000000a5a00000)
 Metaspace       used 63764K, capacity 66312K, committed 66520K, reserved 1105920K
  class space    used 8572K, capacity 9093K, committed 9216K, reserved 1048576K
Event: 39.263 GC heap after
Heap after GC invocations=20 (full 3):
 PSYoungGen      total 171008K, used 4522K [0x00000000e0000000, 0x00000000ecc00000, 0x0000000100000000)
  eden space 151040K, 0% used [0x00000000e0000000,0x00000000e0000000,0x00000000e9380000)
  from space 19968K, 22% used [0x00000000e9380000,0x00000000e97eaa98,0x00000000ea700000)
  to   space 19456K, 0% used [0x00000000eb900000,0x00000000eb900000,0x00000000ecc00000)
 ParOldGen       total 92160K, used 34926K [0x00000000a0000000, 0x00000000a5a00000, 0x00000000e0000000)
  object space 92160K, 37% used [0x00000000a0000000,0x00000000a221b808,0x00000000a5a00000)
 Metaspace       used 63764K, capacity 66312K, committed 66520K, reserved 1105920K
  class space    used 8572K, capacity 9093K, committed 9216K, reserved 1048576K
}
Event: 44.422 GC heap before
{Heap before GC invocations=21 (full 3):
 PSYoungGen      total 171008K, used 153769K [0x00000000e0000000, 0x00000000ecc00000, 0x0000000100000000)
  eden space 151040K, 98% used [0x00000000e0000000,0x00000000e91bfa80,0x00000000e9380000)
  from space 19968K, 22% used [0x00000000e9380000,0x00000000e97eaa98,0x00000000ea700000)
  to   space 19456K, 0% used [0x00000000eb900000,0x00000000eb900000,0x00000000ecc00000)
 ParOldGen       total 92160K, used 34926K [0x00000000a0000000, 0x00000000a5a00000, 0x00000000e0000000)
  object space 92160K, 37% used [0x00000000a0000000,0x00000000a221b808,0x00000000a5a00000)
 Metaspace       used 64896K, capacity 67466K, committed 67672K, reserved 1107968K
  class space    used 8695K, capacity 9240K, committed 9344K, reserved 1048576K
Event: 44.459 GC heap after
Heap after GC invocations=21 (full 3):
 PSYoungGen      total 170496K, used 19449K [0x00000000e0000000, 0x00000000ecc00000, 0x0000000100000000)
  eden space 151040K, 0% used [0x00000000e0000000,0x00000000e0000000,0x00000000e9380000)
  from space 19456K, 99% used [0x00000000eb900000,0x00000000ecbfe4b0,0x00000000ecc00000)
  to   space 19968K, 0% used [0x00000000e9380000,0x00000000e9380000,0x00000000ea700000)
 ParOldGen       total 92160K, used 44119K [0x00000000a0000000, 0x00000000a5a00000, 0x00000000e0000000)
  object space 92160K, 47% used [0x00000000a0000000,0x00000000a2b15dc8,0x00000000a5a00000)
 Metaspace       used 64896K, capacity 67466K, committed 67672K, reserved 1107968K
  class space    used 8695K, capacity 9240K, committed 9344K, reserved 1048576K
}

