# JRE version: OpenJDK Runtime Environment (8.0_152-b02) (build 1.8.0_152-release-1024-b02)
# Java VM: OpenJDK 64-Bit Server VM (25.152-b02 mixed mode windows-amd64 compressed oops)
Heap:
 PSYoungGen      total 276992K, used 197945K [0x00000000e0000000, 0x00000000f8600000, 0x0000000100000000)
  eden space 251392K, 77% used [0x00000000e0000000,0x00000000ebd2ed28,0x00000000ef580000)
  from space 25600K, 16% used [0x00000000f2d00000,0x00000000f311f928,0x00000000f4600000)
  to   space 56832K, 0% used [0x00000000ef580000,0x00000000ef580000,0x00000000f2d00000)
 ParOldGen       total 161280K, used 98892K [0x00000000a0000000, 0x00000000a9d80000, 0x00000000e0000000)
  object space 161280K, 61% used [0x00000000a0000000,0x00000000a60931a0,0x00000000a9d80000)
 Metaspace       used 78893K, capacity 82164K, committed 82392K, reserved 1120256K
  class space    used 10198K, capacity 10871K, committed 11008K, reserved 1048576K
GC Heap History (10 events):
Event: 355.150 GC heap before
{Heap before GC invocations=22 (full 4):
 PSYoungGen      total 304128K, used 25424K [0x00000000e0000000, 0x00000000f5f00000, 0x0000000100000000)
  eden space 278528K, 0% used [0x00000000e0000000,0x00000000e0000000,0x00000000f1000000)
  from space 25600K, 99% used [0x00000000f2d00000,0x00000000f45d4158,0x00000000f4600000)
  to   space 29696K, 0% used [0x00000000f1000000,0x00000000f1000000,0x00000000f2d00000)
 ParOldGen       total 93184K, used 89117K [0x00000000a0000000, 0x00000000a5b00000, 0x00000000e0000000)
  object space 93184K, 95% used [0x00000000a0000000,0x00000000a5707650,0x00000000a5b00000)
 Metaspace       used 77600K, capacity 80852K, committed 80984K, reserved 1120256K
  class space    used 10142K, capacity 10789K, committed 10880K, reserved 1048576K
Event: 355.469 GC heap after
Heap after GC invocations=22 (full 4):
 PSYoungGen      total 304128K, used 0K [0x00000000e0000000, 0x00000000f5f00000, 0x0000000100000000)
  eden space 278528K, 0% used [0x00000000e0000000,0x00000000e0000000,0x00000000f1000000)
  from space 25600K, 0% used [0x00000000f2d00000,0x00000000f2d00000,0x00000000f4600000)
  to   space 29696K, 0% used [0x00000000f1000000,0x00000000f1000000,0x00000000f2d00000)
 ParOldGen       total 161280K, used 79621K [0x00000000a0000000, 0x00000000a9d80000, 0x00000000e0000000)
  object space 161280K, 49% used [0x00000000a0000000,0x00000000a4dc1410,0x00000000a9d80000)
 Metaspace       used 77476K, capacity 80538K, committed 80984K, reserved 1120256K
  class space    used 10098K, capacity 10714K, committed 10880K, reserved 1048576K
}
Event: 358.752 GC heap before
{Heap before GC invocations=23 (full 4):
 PSYoungGen      total 304128K, used 278487K [0x00000000e0000000, 0x00000000f5f00000, 0x0000000100000000)
  eden space 278528K, 99% used [0x00000000e0000000,0x00000000f0ff5f18,0x00000000f1000000)
  from space 25600K, 0% used [0x00000000f2d00000,0x00000000f2d00000,0x00000000f4600000)
  to   space 29696K, 0% used [0x00000000f1000000,0x00000000f1000000,0x00000000f2d00000)
 ParOldGen       total 161280K, used 79621K [0x00000000a0000000, 0x00000000a9d80000, 0x00000000e0000000)
  object space 161280K, 49% used [0x00000000a0000000,0x00000000a4dc1410,0x00000000a9d80000)
 Metaspace       used 77477K, capacity 80538K, committed 80984K, reserved 1120256K
  class space    used 10098K, capacity 10714K, committed 10880K, reserved 1048576K
Event: 358.799 GC heap after
Heap after GC invocations=23 (full 4):
 PSYoungGen      total 308224K, used 29685K [0x00000000e0000000, 0x00000000f5f00000, 0x0000000100000000)
  eden space 278528K, 0% used [0x00000000e0000000,0x00000000e0000000,0x00000000f1000000)
  from space 29696K, 99% used [0x00000000f1000000,0x00000000f2cfd518,0x00000000f2d00000)
  to   space 25600K, 0% used [0x00000000f2d00000,0x00000000f2d00000,0x00000000f4600000)
 ParOldGen       total 161280K, used 143206K [0x00000000a0000000, 0x00000000a9d80000, 0x00000000e0000000)
  object space 161280K, 88% used [0x00000000a0000000,0x00000000a8bd9b60,0x00000000a9d80000)
 Metaspace       used 77477K, capacity 80538K, committed 80984K, reserved 1120256K
  class space    used 10098K, capacity 10714K, committed 10880K, reserved 1048576K
}
Event: 358.800 GC heap before
{Heap before GC invocations=24 (full 5):
 PSYoungGen      total 308224K, used 29685K [0x00000000e0000000, 0x00000000f5f00000, 0x0000000100000000)
  eden space 278528K, 0% used [0x00000000e0000000,0x00000000e0000000,0x00000000f1000000)
  from space 29696K, 99% used [0x00000000f1000000,0x00000000f2cfd518,0x00000000f2d00000)
  to   space 25600K, 0% used [0x00000000f2d00000,0x00000000f2d00000,0x00000000f4600000)
 ParOldGen       total 161280K, used 143206K [0x00000000a0000000, 0x00000000a9d80000, 0x00000000e0000000)
  object space 161280K, 88% used [0x00000000a0000000,0x00000000a8bd9b60,0x00000000a9d80000)
 Metaspace       used 77477K, capacity 80538K, committed 80984K, reserved 1120256K
  class space    used 10098K, capacity 10714K, committed 10880K, reserved 1048576K
Event: 358.928 GC heap after
Heap after GC invocations=24 (full 5):
 PSYoungGen      total 308224K, used 0K [0x00000000e0000000, 0x00000000f5f00000, 0x0000000100000000)
  eden space 278528K, 0% used [0x00000000e0000000,0x00000000e0000000,0x00000000f1000000)
  from space 29696K, 0% used [0x00000000f1000000,0x00000000f1000000,0x00000000f2d00000)
  to   space 25600K, 0% used [0x00000000f2d00000,0x00000000f2d00000,0x00000000f4600000)
 ParOldGen       total 161280K, used 155577K [0x00000000a0000000, 0x00000000a9d80000, 0x00000000e0000000)
  object space 161280K, 96% used [0x00000000a0000000,0x00000000a97ee630,0x00000000a9d80000)
 Metaspace       used 77477K, capacity 80538K, committed 80984K, reserved 1120256K
  class space    used 10098K, capacity 10714K, committed 10880K, reserved 1048576K
}
Event: 358.977 GC heap before
{Heap before GC invocations=25 (full 6):
 PSYoungGen      total 308224K, used 278247K [0x00000000e0000000, 0x00000000f5f00000, 0x0000000100000000)
  eden space 278528K, 99% used [0x00000000e0000000,0x00000000f0fb9d90,0x00000000f1000000)
  from space 29696K, 0% used [0x00000000f1000000,0x00000000f1000000,0x00000000f2d00000)
  to   space 25600K, 0% used [0x00000000f2d00000,0x00000000f2d00000,0x00000000f4600000)
 ParOldGen       total 161280K, used 155577K [0x00000000a0000000, 0x00000000a9d80000, 0x00000000e0000000)
  object space 161280K, 96% used [0x00000000a0000000,0x00000000a97ee630,0x00000000a9d80000)
 Metaspace       used 77477K, capacity 80538K, committed 80984K, reserved 1120256K
  class space    used 10098K, capacity 10714K, committed 10880K, reserved 1048576K
Event: 359.097 GC heap after
Heap after GC invocations=25 (full 6):
 PSYoungGen      total 308224K, used 0K [0x00000000e0000000, 0x00000000f5f00000, 0x0000000100000000)
  eden space 278528K, 0% used [0x00000000e0000000,0x00000000e0000000,0x00000000f1000000)
  from space 29696K, 0% used [0x00000000f1000000,0x00000000f1000000,0x00000000f2d00000)
  to   space 25600K, 0% used [0x00000000f2d00000,0x00000000f2d00000,0x00000000f4600000)
 ParOldGen       total 161280K, used 98884K [0x00000000a0000000, 0x00000000a9d80000, 0x00000000e0000000)
  object space 161280K, 61% used [0x00000000a0000000,0x00000000a60911a0,0x00000000a9d80000)
 Metaspace       used 77477K, capacity 80538K, committed 80984K, reserved 1120256K
  class space    used 10098K, capacity 10714K, committed 10880K, reserved 1048576K
}
Event: 1008.084 GC heap before
{Heap before GC invocations=26 (full 6):
 PSYoungGen      total 308224K, used 278528K [0x00000000e0000000, 0x00000000f5f00000, 0x0000000100000000)
  eden space 278528K, 100% used [0x00000000e0000000,0x00000000f1000000,0x00000000f1000000)
  from space 29696K, 0% used [0x00000000f1000000,0x00000000f1000000,0x00000000f2d00000)
  to   space 25600K, 0% used [0x00000000f2d00000,0x00000000f2d00000,0x00000000f4600000)
 ParOldGen       total 161280K, used 98884K [0x00000000a0000000, 0x00000000a9d80000, 0x00000000e0000000)
  object space 161280K, 61% used [0x00000000a0000000,0x00000000a60911a0,0x00000000a9d80000)
 Metaspace       used 78011K, capacity 81162K, committed 81496K, reserved 1120256K
  class space    used 10132K, capacity 10772K, committed 10880K, reserved 1048576K
Event: 1008.100 GC heap after
Heap after GC invocations=26 (full 6):
 PSYoungGen      total 276992K, used 4222K [0x00000000e0000000, 0x00000000f8600000, 0x0000000100000000)
  eden space 251392K, 0% used [0x00000000e0000000,0x00000000e0000000,0x00000000ef580000)
  from space 25600K, 16% used [0x00000000f2d00000,0x00000000f311f928,0x00000000f4600000)
  to   space 56832K, 0% used [0x00000000ef580000,0x00000000ef580000,0x00000000f2d00000)
 ParOldGen       total 161280K, used 98892K [0x00000000a0000000, 0x00000000a9d80000, 0x00000000e0000000)
  object space 161280K, 61% used [0x00000000a0000000,0x00000000a60931a0,0x00000000a9d80000)
 Metaspace       used 78011K, capacity 81162K, committed 81496K, reserved 1120256K
  class space    used 10132K, capacity 10772K, committed 10880K, reserved 1048576K
}

