# JRE version: OpenJDK Runtime Environment (8.0_152-b02) (build 1.8.0_152-release-1024-b02)
# Java VM: OpenJDK 64-Bit Server VM (25.152-b02 mixed mode windows-amd64 compressed oops)
Heap:
 PSYoungGen      total 72704K, used 41869K [0x00000000e0000000, 0x00000000e4e00000, 0x0000000100000000)
  eden space 65536K, 63% used [0x00000000e0000000,0x00000000e28e35b0,0x00000000e4000000)
  from space 7168K, 0% used [0x00000000e4700000,0x00000000e4700000,0x00000000e4e00000)
  to   space 7168K, 0% used [0x00000000e4000000,0x00000000e4000000,0x00000000e4700000)
 ParOldGen       total 35840K, used 9057K [0x00000000a0000000, 0x00000000a2300000, 0x00000000e0000000)
  object space 35840K, 25% used [0x00000000a0000000,0x00000000a08d8528,0x00000000a2300000)
 Metaspace       used 24907K, capacity 25318K, committed 25472K, reserved 1071104K
  class space    used 3456K, capacity 3592K, committed 3712K, reserved 1048576K
GC Heap History (10 events):
Event: 3.307 GC heap before
{Heap before GC invocations=5 (full 0):
 PSYoungGen      total 18944K, used 18912K [0x00000000e0000000, 0x00000000e1500000, 0x0000000100000000)
  eden space 16384K, 100% used [0x00000000e0000000,0x00000000e1000000,0x00000000e1000000)
  from space 2560K, 98% used [0x00000000e1280000,0x00000000e14f8020,0x00000000e1500000)
  to   space 2560K, 0% used [0x00000000e1000000,0x00000000e1000000,0x00000000e1280000)
 ParOldGen       total 44032K, used 2996K [0x00000000a0000000, 0x00000000a2b00000, 0x00000000e0000000)
  object space 44032K, 6% used [0x00000000a0000000,0x00000000a02ed2c8,0x00000000a2b00000)
 Metaspace       used 13001K, capacity 13298K, committed 13568K, reserved 1060864K
  class space    used 1780K, capacity 1929K, committed 2048K, reserved 1048576K
Event: 3.315 GC heap after
Heap after GC invocations=5 (full 0):
 PSYoungGen      total 18944K, used 2528K [0x00000000e0000000, 0x00000000e2b00000, 0x0000000100000000)
  eden space 16384K, 0% used [0x00000000e0000000,0x00000000e0000000,0x00000000e1000000)
  from space 2560K, 98% used [0x00000000e1000000,0x00000000e1278020,0x00000000e1280000)
  to   space 5632K, 0% used [0x00000000e2580000,0x00000000e2580000,0x00000000e2b00000)
 ParOldGen       total 44032K, used 4778K [0x00000000a0000000, 0x00000000a2b00000, 0x00000000e0000000)
  object space 44032K, 10% used [0x00000000a0000000,0x00000000a04aa8d8,0x00000000a2b00000)
 Metaspace       used 13001K, capacity 13298K, committed 13568K, reserved 1060864K
  class space    used 1780K, capacity 1929K, committed 2048K, reserved 1048576K
}
Event: 3.589 GC heap before
{Heap before GC invocations=6 (full 0):
 PSYoungGen      total 18944K, used 18912K [0x00000000e0000000, 0x00000000e2b00000, 0x0000000100000000)
  eden space 16384K, 100% used [0x00000000e0000000,0x00000000e1000000,0x00000000e1000000)
  from space 2560K, 98% used [0x00000000e1000000,0x00000000e1278020,0x00000000e1280000)
  to   space 5632K, 0% used [0x00000000e2580000,0x00000000e2580000,0x00000000e2b00000)
 ParOldGen       total 44032K, used 4778K [0x00000000a0000000, 0x00000000a2b00000, 0x00000000e0000000)
  object space 44032K, 10% used [0x00000000a0000000,0x00000000a04aa8d8,0x00000000a2b00000)
 Metaspace       used 14524K, capacity 14870K, committed 14976K, reserved 1062912K
  class space    used 2038K, capacity 2155K, committed 2176K, reserved 1048576K
Event: 3.597 GC heap after
Heap after GC invocations=6 (full 0):
 PSYoungGen      total 38400K, used 4627K [0x00000000e0000000, 0x00000000e2b00000, 0x0000000100000000)
  eden space 32768K, 0% used [0x00000000e0000000,0x00000000e0000000,0x00000000e2000000)
  from space 5632K, 82% used [0x00000000e2580000,0x00000000e2a04de0,0x00000000e2b00000)
  to   space 5632K, 0% used [0x00000000e2000000,0x00000000e2000000,0x00000000e2580000)
 ParOldGen       total 44032K, used 4778K [0x00000000a0000000, 0x00000000a2b00000, 0x00000000e0000000)
  object space 44032K, 10% used [0x00000000a0000000,0x00000000a04aa8d8,0x00000000a2b00000)
 Metaspace       used 14524K, capacity 14870K, committed 14976K, reserved 1062912K
  class space    used 2038K, capacity 2155K, committed 2176K, reserved 1048576K
}
Event: 4.917 GC heap before
{Heap before GC invocations=7 (full 0):
 PSYoungGen      total 38400K, used 37395K [0x00000000e0000000, 0x00000000e2b00000, 0x0000000100000000)
  eden space 32768K, 100% used [0x00000000e0000000,0x00000000e2000000,0x00000000e2000000)
  from space 5632K, 82% used [0x00000000e2580000,0x00000000e2a04de0,0x00000000e2b00000)
  to   space 5632K, 0% used [0x00000000e2000000,0x00000000e2000000,0x00000000e2580000)
 ParOldGen       total 44032K, used 4778K [0x00000000a0000000, 0x00000000a2b00000, 0x00000000e0000000)
  object space 44032K, 10% used [0x00000000a0000000,0x00000000a04aa8d8,0x00000000a2b00000)
 Metaspace       used 17755K, capacity 18192K, committed 18432K, reserved 1064960K
  class space    used 2563K, capacity 2718K, committed 2816K, reserved 1048576K
Event: 4.926 GC heap after
Heap after GC invocations=7 (full 0):
 PSYoungGen      total 38400K, used 5602K [0x00000000e0000000, 0x00000000e4e00000, 0x0000000100000000)
  eden space 32768K, 0% used [0x00000000e0000000,0x00000000e0000000,0x00000000e2000000)
  from space 5632K, 99% used [0x00000000e2000000,0x00000000e2578b38,0x00000000e2580000)
  to   space 7168K, 0% used [0x00000000e4700000,0x00000000e4700000,0x00000000e4e00000)
 ParOldGen       total 44032K, used 6226K [0x00000000a0000000, 0x00000000a2b00000, 0x00000000e0000000)
  object space 44032K, 14% used [0x00000000a0000000,0x00000000a0614808,0x00000000a2b00000)
 Metaspace       used 17755K, capacity 18192K, committed 18432K, reserved 1064960K
  class space    used 2563K, capacity 2718K, committed 2816K, reserved 1048576K
}
Event: 5.664 GC heap before
{Heap before GC invocations=8 (full 0):
 PSYoungGen      total 38400K, used 18781K [0x00000000e0000000, 0x00000000e4e00000, 0x0000000100000000)
  eden space 32768K, 40% used [0x00000000e0000000,0x00000000e0cdec68,0x00000000e2000000)
  from space 5632K, 99% used [0x00000000e2000000,0x00000000e2578b38,0x00000000e2580000)
  to   space 7168K, 0% used [0x00000000e4700000,0x00000000e4700000,0x00000000e4e00000)
 ParOldGen       total 44032K, used 6226K [0x00000000a0000000, 0x00000000a2b00000, 0x00000000e0000000)
  object space 44032K, 14% used [0x00000000a0000000,0x00000000a0614808,0x00000000a2b00000)
 Metaspace       used 20849K, capacity 21232K, committed 21248K, reserved 1067008K
  class space    used 2915K, capacity 3070K, committed 3072K, reserved 1048576K
Event: 5.671 GC heap after
Heap after GC invocations=8 (full 0):
 PSYoungGen      total 72704K, used 4938K [0x00000000e0000000, 0x00000000e4e00000, 0x0000000100000000)
  eden space 65536K, 0% used [0x00000000e0000000,0x00000000e0000000,0x00000000e4000000)
  from space 7168K, 68% used [0x00000000e4700000,0x00000000e4bd2b90,0x00000000e4e00000)
  to   space 7168K, 0% used [0x00000000e4000000,0x00000000e4000000,0x00000000e4700000)
 ParOldGen       total 44032K, used 7311K [0x00000000a0000000, 0x00000000a2b00000, 0x00000000e0000000)
  object space 44032K, 16% used [0x00000000a0000000,0x00000000a0723d18,0x00000000a2b00000)
 Metaspace       used 20849K, capacity 21232K, committed 21248K, reserved 1067008K
  class space    used 2915K, capacity 3070K, committed 3072K, reserved 1048576K
}
Event: 5.671 GC heap before
{Heap before GC invocations=9 (full 1):
 PSYoungGen      total 72704K, used 4938K [0x00000000e0000000, 0x00000000e4e00000, 0x0000000100000000)
  eden space 65536K, 0% used [0x00000000e0000000,0x00000000e0000000,0x00000000e4000000)
  from space 7168K, 68% used [0x00000000e4700000,0x00000000e4bd2b90,0x00000000e4e00000)
  to   space 7168K, 0% used [0x00000000e4000000,0x00000000e4000000,0x00000000e4700000)
 ParOldGen       total 44032K, used 7311K [0x00000000a0000000, 0x00000000a2b00000, 0x00000000e0000000)
  object space 44032K, 16% used [0x00000000a0000000,0x00000000a0723d18,0x00000000a2b00000)
 Metaspace       used 20849K, capacity 21232K, committed 21248K, reserved 1067008K
  class space    used 2915K, capacity 3070K, committed 3072K, reserved 1048576K
Event: 5.730 GC heap after
Heap after GC invocations=9 (full 1):
 PSYoungGen      total 72704K, used 0K [0x00000000e0000000, 0x00000000e4e00000, 0x0000000100000000)
  eden space 65536K, 0% used [0x00000000e0000000,0x00000000e0000000,0x00000000e4000000)
  from space 7168K, 0% used [0x00000000e4700000,0x00000000e4700000,0x00000000e4e00000)
  to   space 7168K, 0% used [0x00000000e4000000,0x00000000e4000000,0x00000000e4700000)
 ParOldGen       total 35840K, used 9057K [0x00000000a0000000, 0x00000000a2300000, 0x00000000e0000000)
  object space 35840K, 25% used [0x00000000a0000000,0x00000000a08d8528,0x00000000a2300000)
 Metaspace       used 20849K, capacity 21232K, committed 21248K, reserved 1067008K
  class space    used 2915K, capacity 3070K, committed 3072K, reserved 1048576K
}

