# JRE version: OpenJDK Runtime Environment (8.0_152-b02) (build 1.8.0_152-release-1024-b02)
# Java VM: OpenJDK 64-Bit Server VM (25.152-b02 mixed mode windows-amd64 compressed oops)
Heap:
 PSYoungGen      total 465920K, used 308604K [0x00000000e0000000, 0x0000000100000000, 0x0000000100000000)
  eden space 412672K, 68% used [0x00000000e0000000,0x00000000f13a7cc0,0x00000000f9300000)
  from space 53248K, 49% used [0x00000000f9300000,0x00000000facb7438,0x00000000fc700000)
  to   space 52736K, 0% used [0x00000000fcc80000,0x00000000fcc80000,0x0000000100000000)
 ParOldGen       total 218624K, used 128872K [0x00000000a0000000, 0x00000000ad580000, 0x00000000e0000000)
  object space 218624K, 58% used [0x00000000a0000000,0x00000000a7dda128,0x00000000ad580000)
 Metaspace       used 85709K, capacity 90178K, committed 90368K, reserved 1128448K
  class space    used 10853K, capacity 11694K, committed 11776K, reserved 1048576K
GC Heap History (10 events):
Event: 2233.675 GC heap before
{Heap before GC invocations=26 (full 5):
 PSYoungGen      total 424448K, used 399822K [0x00000000e0000000, 0x0000000100000000, 0x0000000100000000)
  eden space 401408K, 99% used [0x00000000e0000000,0x00000000f8673b18,0x00000000f8800000)
  from space 23040K, 0% used [0x00000000fe980000,0x00000000fe980000,0x0000000100000000)
  to   space 61440K, 0% used [0x00000000f8800000,0x00000000f8800000,0x00000000fc400000)
 ParOldGen       total 218624K, used 128848K [0x00000000a0000000, 0x00000000ad580000, 0x00000000e0000000)
  object space 218624K, 58% used [0x00000000a0000000,0x00000000a7dd4128,0x00000000ad580000)
 Metaspace       used 84016K, capacity 87500K, committed 87808K, reserved 1126400K
  class space    used 10686K, capacity 11355K, committed 11520K, reserved 1048576K
Event: 2233.686 GC heap after
Heap after GC invocations=26 (full 5):
 PSYoungGen      total 462848K, used 8720K [0x00000000e0000000, 0x0000000100000000, 0x0000000100000000)
  eden space 401408K, 0% used [0x00000000e0000000,0x00000000e0000000,0x00000000f8800000)
  from space 61440K, 14% used [0x00000000f8800000,0x00000000f90843d8,0x00000000fc400000)
  to   space 59904K, 0% used [0x00000000fc580000,0x00000000fc580000,0x0000000100000000)
 ParOldGen       total 218624K, used 128856K [0x00000000a0000000, 0x00000000ad580000, 0x00000000e0000000)
  object space 218624K, 58% used [0x00000000a0000000,0x00000000a7dd6128,0x00000000ad580000)
 Metaspace       used 84016K, capacity 87500K, committed 87808K, reserved 1126400K
  class space    used 10686K, capacity 11355K, committed 11520K, reserved 1048576K
}
Event: 2842.043 GC heap before
{Heap before GC invocations=27 (full 5):
 PSYoungGen      total 462848K, used 410127K [0x00000000e0000000, 0x0000000100000000, 0x0000000100000000)
  eden space 401408K, 99% used [0x00000000e0000000,0x00000000f87ffb10,0x00000000f8800000)
  from space 61440K, 14% used [0x00000000f8800000,0x00000000f90843d8,0x00000000fc400000)
  to   space 59904K, 0% used [0x00000000fc580000,0x00000000fc580000,0x0000000100000000)
 ParOldGen       total 218624K, used 128856K [0x00000000a0000000, 0x00000000ad580000, 0x00000000e0000000)
  object space 218624K, 58% used [0x00000000a0000000,0x00000000a7dd6128,0x00000000ad580000)
 Metaspace       used 84328K, capacity 87800K, committed 88064K, reserved 1126400K
  class space    used 10694K, capacity 11399K, committed 11520K, reserved 1048576K
Event: 2842.227 GC heap after
Heap after GC invocations=27 (full 5):
 PSYoungGen      total 456192K, used 13272K [0x00000000e0000000, 0x00000000ff980000, 0x0000000100000000)
  eden space 402944K, 0% used [0x00000000e0000000,0x00000000e0000000,0x00000000f8980000)
  from space 53248K, 24% used [0x00000000fc580000,0x00000000fd276170,0x00000000ff980000)
  to   space 57344K, 0% used [0x00000000f8980000,0x00000000f8980000,0x00000000fc180000)
 ParOldGen       total 218624K, used 128864K [0x00000000a0000000, 0x00000000ad580000, 0x00000000e0000000)
  object space 218624K, 58% used [0x00000000a0000000,0x00000000a7dd8128,0x00000000ad580000)
 Metaspace       used 84328K, capacity 87800K, committed 88064K, reserved 1126400K
  class space    used 10694K, capacity 11399K, committed 11520K, reserved 1048576K
}
Event: 3236.243 GC heap before
{Heap before GC invocations=28 (full 5):
 PSYoungGen      total 456192K, used 415887K [0x00000000e0000000, 0x00000000ff980000, 0x0000000100000000)
  eden space 402944K, 99% used [0x00000000e0000000,0x00000000f892dce0,0x00000000f8980000)
  from space 53248K, 24% used [0x00000000fc580000,0x00000000fd276170,0x00000000ff980000)
  to   space 57344K, 0% used [0x00000000f8980000,0x00000000f8980000,0x00000000fc180000)
 ParOldGen       total 218624K, used 128864K [0x00000000a0000000, 0x00000000ad580000, 0x00000000e0000000)
  object space 218624K, 58% used [0x00000000a0000000,0x00000000a7dd8128,0x00000000ad580000)
 Metaspace       used 85100K, capacity 89042K, committed 89216K, reserved 1126400K
  class space    used 10767K, capacity 11536K, committed 11648K, reserved 1048576K
Event: 3241.227 GC heap after
Heap after GC invocations=28 (full 5):
 PSYoungGen      total 460288K, used 14938K [0x00000000e0000000, 0x00000000ffe00000, 0x0000000100000000)
  eden space 402944K, 0% used [0x00000000e0000000,0x00000000e0000000,0x00000000f8980000)
  from space 57344K, 26% used [0x00000000f8980000,0x00000000f9816850,0x00000000fc180000)
  to   space 54272K, 0% used [0x00000000fc900000,0x00000000fc900000,0x00000000ffe00000)
 ParOldGen       total 218624K, used 128872K [0x00000000a0000000, 0x00000000ad580000, 0x00000000e0000000)
  object space 218624K, 58% used [0x00000000a0000000,0x00000000a7dda128,0x00000000ad580000)
 Metaspace       used 85100K, capacity 89042K, committed 89216K, reserved 1126400K
  class space    used 10767K, capacity 11536K, committed 11648K, reserved 1048576K
}
Event: 3526.383 GC heap before
{Heap before GC invocations=29 (full 5):
 PSYoungGen      total 460288K, used 416895K [0x00000000e0000000, 0x00000000ffe00000, 0x0000000100000000)
  eden space 402944K, 99% used [0x00000000e0000000,0x00000000f8889528,0x00000000f8980000)
  from space 57344K, 26% used [0x00000000f8980000,0x00000000f9816850,0x00000000fc180000)
  to   space 54272K, 0% used [0x00000000fc900000,0x00000000fc900000,0x00000000ffe00000)
 ParOldGen       total 218624K, used 128872K [0x00000000a0000000, 0x00000000ad580000, 0x00000000e0000000)
  object space 218624K, 58% used [0x00000000a0000000,0x00000000a7dda128,0x00000000ad580000)
 Metaspace       used 85589K, capacity 90020K, committed 90112K, reserved 1128448K
  class space    used 10850K, capacity 11689K, committed 11776K, reserved 1048576K
Event: 3528.575 GC heap after
Heap after GC invocations=29 (full 5):
 PSYoungGen      total 463872K, used 7639K [0x00000000e0000000, 0x00000000ffb00000, 0x0000000100000000)
  eden space 412672K, 0% used [0x00000000e0000000,0x00000000e0000000,0x00000000f9300000)
  from space 51200K, 14% used [0x00000000fc900000,0x00000000fd075e60,0x00000000ffb00000)
  to   space 53248K, 0% used [0x00000000f9300000,0x00000000f9300000,0x00000000fc700000)
 ParOldGen       total 218624K, used 128872K [0x00000000a0000000, 0x00000000ad580000, 0x00000000e0000000)
  object space 218624K, 58% used [0x00000000a0000000,0x00000000a7dda128,0x00000000ad580000)
 Metaspace       used 85589K, capacity 90020K, committed 90112K, reserved 1128448K
  class space    used 10850K, capacity 11689K, committed 11776K, reserved 1048576K
}
Event: 3542.486 GC heap before
{Heap before GC invocations=30 (full 5):
 PSYoungGen      total 463872K, used 419905K [0x00000000e0000000, 0x00000000ffb00000, 0x0000000100000000)
  eden space 412672K, 99% used [0x00000000e0000000,0x00000000f929a938,0x00000000f9300000)
  from space 51200K, 14% used [0x00000000fc900000,0x00000000fd075e60,0x00000000ffb00000)
  to   space 53248K, 0% used [0x00000000f9300000,0x00000000f9300000,0x00000000fc700000)
 ParOldGen       total 218624K, used 128872K [0x00000000a0000000, 0x00000000ad580000, 0x00000000e0000000)
  object space 218624K, 58% used [0x00000000a0000000,0x00000000a7dda128,0x00000000ad580000)
 Metaspace       used 85613K, capacity 90084K, committed 90368K, reserved 1128448K
  class space    used 10850K, capacity 11689K, committed 11776K, reserved 1048576K
Event: 3542.579 GC heap after
Heap after GC invocations=30 (full 5):
 PSYoungGen      total 465920K, used 26333K [0x00000000e0000000, 0x0000000100000000, 0x0000000100000000)
  eden space 412672K, 0% used [0x00000000e0000000,0x00000000e0000000,0x00000000f9300000)
  from space 53248K, 49% used [0x00000000f9300000,0x00000000facb7438,0x00000000fc700000)
  to   space 52736K, 0% used [0x00000000fcc80000,0x00000000fcc80000,0x0000000100000000)
 ParOldGen       total 218624K, used 128872K [0x00000000a0000000, 0x00000000ad580000, 0x00000000e0000000)
  object space 218624K, 58% used [0x00000000a0000000,0x00000000a7dda128,0x00000000ad580000)
 Metaspace       used 85613K, capacity 90084K, committed 90368K, reserved 1128448K
  class space    used 10850K, capacity 11689K, committed 11776K, reserved 1048576K
}

